mLauncher/build/outputs/logs/manifest-merger-debug-report.txt
-- Merging decision tree log ---
manifest
ADDED from src\main\AndroidManifest.xml:2:1-100:12
	package
		ADDED from src\main\AndroidManifest.xml:3:5-37
		INJECTED from src\main\AndroidManifest.xml
		INJECTED from src\main\AndroidManifest.xml
	android:process
		ADDED from src\main\AndroidManifest.xml:4:5-29
	android:sharedUserId
		ADDED from src\main\AndroidManifest.xml:5:5-46
	android:versionName
		ADDED from src\main\AndroidManifest.xml:7:5-30
		INJECTED from src\main\AndroidManifest.xml
		INJECTED from src\main\AndroidManifest.xml
	android:versionCode
		ADDED from src\main\AndroidManifest.xml:6:5-28
		INJECTED from src\main\AndroidManifest.xml
		INJECTED from src\main\AndroidManifest.xml
	xmlns:android
		ADDED from src\main\AndroidManifest.xml:2:11-69
uses-permission#android.permission.BIND_APPWIDGET
ADDED from src\main\AndroidManifest.xml:9:5-73
	android:name
		ADDED from src\main\AndroidManifest.xml:9:22-70
uses-permission#android.permission.RESTART_PACKAGES
ADDED from src\main\AndroidManifest.xml:10:5-75
	android:name
		ADDED from src\main\AndroidManifest.xml:10:22-72
uses-permission#android.permission.SYSTEM_ALERT_WINDOW
ADDED from src\main\AndroidManifest.xml:11:5-78
	android:name
		ADDED from src\main\AndroidManifest.xml:11:22-75
uses-permission#android.permission.SET_WALLPAPER
ADDED from src\main\AndroidManifest.xml:12:5-72
	android:name
		ADDED from src\main\AndroidManifest.xml:12:22-69
uses-permission#android.permission.INTERNET
ADDED from src\main\AndroidManifest.xml:13:5-67
	android:name
		ADDED from src\main\AndroidManifest.xml:13:22-64
uses-permission#com.mstar.android.permissionn.ACCESS_TV_DATA
ADDED from src\main\AndroidManifest.xml:14:5-84
	android:name
		ADDED from src\main\AndroidManifest.xml:14:22-81
uses-permission#android.permission.WRITE_EXTERNAL_STORAGE
ADDED from src\main\AndroidManifest.xml:15:5-81
	android:name
		ADDED from src\main\AndroidManifest.xml:15:22-78
uses-permission#android.permission.WRITE_SETTINGS
ADDED from src\main\AndroidManifest.xml:16:5-73
	android:name
		ADDED from src\main\AndroidManifest.xml:16:22-70
uses-permission#android.permission.CAMERA
ADDED from src\main\AndroidManifest.xml:17:5-65
	android:name
		ADDED from src\main\AndroidManifest.xml:17:22-62
uses-permission#android.permission.SET_WALLPAPER_HINTS
ADDED from src\main\AndroidManifest.xml:18:5-78
	android:name
		ADDED from src\main\AndroidManifest.xml:18:22-75
uses-feature#android.hardware.camera
ADDED from src\main\AndroidManifest.xml:20:5-60
	android:name
		ADDED from src\main\AndroidManifest.xml:20:19-57
uses-sdk
ADDED from src\main\AndroidManifest.xml:22:5-44
	android:targetSdkVersion
		INJECTED from src\main\AndroidManifest.xml
		INJECTED from src\main\AndroidManifest.xml
	android:minSdkVersion
		ADDED from src\main\AndroidManifest.xml:22:15-41
		INJECTED from src\main\AndroidManifest.xml
		INJECTED from src\main\AndroidManifest.xml
application
ADDED from src\main\AndroidManifest.xml:24:5-98:19
	android:label
		ADDED from src\main\AndroidManifest.xml:27:9-41
	android:hardwareAccelerated
		ADDED from src\main\AndroidManifest.xml:25:9-71
	android:icon
		ADDED from src\main\AndroidManifest.xml:26:9-45
	android:largeHeap
		ADDED from src\main\AndroidManifest.xml:28:9-51
activity#com.android.mslauncher.LauncherActivity
ADDED from src\main\AndroidManifest.xml:29:9-45:20
	android:clearTaskOnLaunch
		ADDED from src\main\AndroidManifest.xml:31:13-45
	android:screenOrientation
		ADDED from src\main\AndroidManifest.xml:35:13-49
	android:label
		ADDED from src\main\AndroidManifest.xml:33:13-45
	android:stateNotNeeded
		ADDED from src\main\AndroidManifest.xml:36:13-42
	android:launchMode
		ADDED from src\main\AndroidManifest.xml:34:13-44
	android:configChanges
		ADDED from src\main\AndroidManifest.xml:32:13-178
	android:theme
		ADDED from src\main\AndroidManifest.xml:37:13-41
	android:name
		ADDED from src\main\AndroidManifest.xml:30:13-67
intent-filter#android.intent.action.MAIN+android.intent.category.DEFAULT+android.intent.category.HOME+android.intent.category.MONKEY
ADDED from src\main\AndroidManifest.xml:38:13-44:29
action#android.intent.action.MAIN
ADDED from src\main\AndroidManifest.xml:39:17-69
	android:name
		ADDED from src\main\AndroidManifest.xml:39:25-66
category#android.intent.category.HOME
ADDED from src\main\AndroidManifest.xml:41:17-73
	android:name
		ADDED from src\main\AndroidManifest.xml:41:27-70
category#android.intent.category.DEFAULT
ADDED from src\main\AndroidManifest.xml:42:17-76
	android:name
		ADDED from src\main\AndroidManifest.xml:42:27-73
category#android.intent.category.MONKEY
ADDED from src\main\AndroidManifest.xml:43:17-75
	android:name
		ADDED from src\main\AndroidManifest.xml:43:27-72
activity#com.android.mslauncher.AllAppListActivity
ADDED from src\main\AndroidManifest.xml:46:9-56:20
	android:label
		ADDED from src\main\AndroidManifest.xml:48:13-48
	android:theme
		ADDED from src\main\AndroidManifest.xml:49:13-41
	android:name
		ADDED from src\main\AndroidManifest.xml:47:13-69
provider#com.android.mslauncher.MstarDatabaseProvider
ADDED from src\main\AndroidManifest.xml:58:9-61:20
	android:authorities
		ADDED from src\main\AndroidManifest.xml:60:13-69
	android:name
		ADDED from src\main\AndroidManifest.xml:59:13-72
receiver#com.android.mslauncher.AppReceiver
ADDED from src\main\AndroidManifest.xml:63:9-72:20
	android:label
		ADDED from src\main\AndroidManifest.xml:65:13-45
	android:name
		ADDED from src\main\AndroidManifest.xml:64:13-62
intent-filter#android.intent.action.PACKAGE_ADDED+android.intent.action.PACKAGE_REMOVED
ADDED from src\main\AndroidManifest.xml:66:13-71:29
action#android.intent.action.PACKAGE_ADDED
ADDED from src\main\AndroidManifest.xml:67:17-78
	android:name
		ADDED from src\main\AndroidManifest.xml:67:25-75
action#android.intent.action.PACKAGE_REMOVED
ADDED from src\main\AndroidManifest.xml:68:17-80
	android:name
		ADDED from src\main\AndroidManifest.xml:68:25-77
data
ADDED from src\main\AndroidManifest.xml:70:17-50
	android:scheme
		ADDED from src\main\AndroidManifest.xml:70:23-47
receiver#com.android.mslauncher.SysShutDownReceiver
ADDED from src\main\AndroidManifest.xml:73:9-79:20
	android:label
		ADDED from src\main\AndroidManifest.xml:75:13-43
	android:name
		ADDED from src\main\AndroidManifest.xml:74:13-70
intent-filter#android.intent.action.ACTION_SHUTDOWN
ADDED from src\main\AndroidManifest.xml:76:13-78:29
action#android.intent.action.ACTION_SHUTDOWN
ADDED from src\main\AndroidManifest.xml:77:17-80
	android:name
		ADDED from src\main\AndroidManifest.xml:77:25-77
receiver#com.android.mslauncher.WidgetReceiver
ADDED from src\main\AndroidManifest.xml:80:9-84:20
	android:name
		ADDED from src\main\AndroidManifest.xml:80:19-71
intent-filter#com.mstar.appwidget.action.SEND_PACKNAME
ADDED from src\main\AndroidManifest.xml:81:13-83:29
action#com.mstar.appwidget.action.SEND_PACKNAME
ADDED from src\main\AndroidManifest.xml:82:17-83
	android:name
		ADDED from src\main\AndroidManifest.xml:82:25-80
activity#com.android.mslauncher.Wallpaper
ADDED from src\main\AndroidManifest.xml:86:9-97:20
	android:label
		ADDED from src\main\AndroidManifest.xml:89:13-38
	android:icon
		ADDED from src\main\AndroidManifest.xml:88:13-53
	android:theme
		ADDED from src\main\AndroidManifest.xml:90:13-41
	android:name
		ADDED from src\main\AndroidManifest.xml:87:13-37
intent-filter#android.intent.action.SET_WALLPAPER+android.intent.category.DEFAULT+com.android.mslauncher.SETWALLPAPERSET
ADDED from src\main\AndroidManifest.xml:91:13-96:29
action#com.android.mslauncher.SETWALLPAPERSET
ADDED from src\main\AndroidManifest.xml:92:17-81
	android:name
		ADDED from src\main\AndroidManifest.xml:92:25-78
action#android.intent.action.SET_WALLPAPER
ADDED from src\main\AndroidManifest.xml:93:17-78
	android:name
		ADDED from src\main\AndroidManifest.xml:93:25-75